# JRE version: Java(TM) SE Runtime Environment (7.0_79-b15) (build 1.7.0_79-b15)
# Java VM: Java HotSpot(TM) 64-Bit Server VM (24.79-b02 mixed mode bsd-amd64 compressed oops)
Heap
 PSYoungGen      total 218112K, used 27170K [0x00000007eaa80000, 0x00000007fb480000, 0x0000000800000000)
  eden space 215040K, 11% used [0x00000007eaa80000,0x00000007ec244a90,0x00000007f7c80000)
  from space 3072K, 92% used [0x00000007f8480000,0x00000007f8744020,0x00000007f8780000)
  to   space 28672K, 0% used [0x00000007f9880000,0x00000007f9880000,0x00000007fb480000)
 ParOldGen       total 174592K, used 75745K [0x00000007c0000000, 0x00000007caa80000, 0x00000007eaa80000)
  object space 174592K, 43% used [0x00000007c0000000,0x00000007c49f84a8,0x00000007caa80000)
 PSPermGen       total 100352K, used 61719K [0x00000007b0000000, 0x00000007b6200000, 0x00000007c0000000)
  object space 100352K, 61% used [0x00000007b0000000,0x00000007b3c45e38,0x00000007b6200000)
GC Heap History (10 events):
Event: 807.555 GC heap before
{Heap before GC invocations=16 (full 3):
 PSYoungGen      total 259584K, used 8555K [0x00000007eaa80000, 0x00000007fdb80000, 0x0000000800000000)
  eden space 250880K, 0% used [0x00000007eaa80000,0x00000007eaa80000,0x00000007f9f80000)
  from space 8704K, 98% used [0x00000007f9f80000,0x00000007fa7dad00,0x00000007fa800000)
  to   space 30720K, 0% used [0x00000007fbd80000,0x00000007fbd80000,0x00000007fdb80000)
 ParOldGen       total 174592K, used 51689K [0x00000007c0000000, 0x00000007caa80000, 0x00000007eaa80000)
  object space 174592K, 29% used [0x00000007c0000000,0x00000007c327a418,0x00000007caa80000)
 PSPermGen       total 99840K, used 50699K [0x00000007b0000000, 0x00000007b6180000, 0x00000007c0000000)
  object space 99840K, 50% used [0x00000007b0000000,0x00000007b3182fd8,0x00000007b6180000)
Event: 808.047 GC heap after
Heap after GC invocations=16 (full 3):
 PSYoungGen      total 259584K, used 0K [0x00000007eaa80000, 0x00000007fdb80000, 0x0000000800000000)
  eden space 250880K, 0% used [0x00000007eaa80000,0x00000007eaa80000,0x00000007f9f80000)
  from space 8704K, 0% used [0x00000007f9f80000,0x00000007f9f80000,0x00000007fa800000)
  to   space 30720K, 0% used [0x00000007fbd80000,0x00000007fbd80000,0x00000007fdb80000)
 ParOldGen       total 174592K, used 58885K [0x00000007c0000000, 0x00000007caa80000, 0x00000007eaa80000)
  object space 174592K, 33% used [0x00000007c0000000,0x00000007c3981778,0x00000007caa80000)
 PSPermGen       total 100352K, used 50596K [0x00000007b0000000, 0x00000007b6200000, 0x00000007c0000000)
  object space 100352K, 50% used [0x00000007b0000000,0x00000007b31690d8,0x00000007b6200000)
}
Event: 816.379 GC heap before
{Heap before GC invocations=17 (full 3):
 PSYoungGen      total 259584K, used 250880K [0x00000007eaa80000, 0x00000007fdb80000, 0x0000000800000000)
  eden space 250880K, 100% used [0x00000007eaa80000,0x00000007f9f80000,0x00000007f9f80000)
  from space 8704K, 0% used [0x00000007f9f80000,0x00000007f9f80000,0x00000007fa800000)
  to   space 30720K, 0% used [0x00000007fbd80000,0x00000007fbd80000,0x00000007fdb80000)
 ParOldGen       total 174592K, used 58885K [0x00000007c0000000, 0x00000007caa80000, 0x00000007eaa80000)
  object space 174592K, 33% used [0x00000007c0000000,0x00000007c3981778,0x00000007caa80000)
 PSPermGen       total 100352K, used 54623K [0x00000007b0000000, 0x00000007b6200000, 0x00000007c0000000)
  object space 100352K, 54% used [0x00000007b0000000,0x00000007b3557f80,0x00000007b6200000)
Event: 816.391 GC heap after
Heap after GC invocations=17 (full 3):
 PSYoungGen      total 259072K, used 14807K [0x00000007eaa80000, 0x00000007fcf00000, 0x0000000800000000)
  eden space 241152K, 0% used [0x00000007eaa80000,0x00000007eaa80000,0x00000007f9600000)
  from space 17920K, 82% used [0x00000007fbd80000,0x00000007fcbf5d58,0x00000007fcf00000)
  to   space 29184K, 0% used [0x00000007f9600000,0x00000007f9600000,0x00000007fb280000)
 ParOldGen       total 174592K, used 58893K [0x00000007c0000000, 0x00000007caa80000, 0x00000007eaa80000)
  object space 174592K, 33% used [0x00000007c0000000,0x00000007c3983778,0x00000007caa80000)
 PSPermGen       total 100352K, used 54623K [0x00000007b0000000, 0x00000007b6200000, 0x00000007c0000000)
  object space 100352K, 54% used [0x00000007b0000000,0x00000007b3557f80,0x00000007b6200000)
}
Event: 819.842 GC heap before
{Heap before GC invocations=18 (full 3):
 PSYoungGen      total 259072K, used 255959K [0x00000007eaa80000, 0x00000007fcf00000, 0x0000000800000000)
  eden space 241152K, 100% used [0x00000007eaa80000,0x00000007f9600000,0x00000007f9600000)
  from space 17920K, 82% used [0x00000007fbd80000,0x00000007fcbf5d58,0x00000007fcf00000)
  to   space 29184K, 0% used [0x00000007f9600000,0x00000007f9600000,0x00000007fb280000)
 ParOldGen       total 174592K, used 58893K [0x00000007c0000000, 0x00000007caa80000, 0x00000007eaa80000)
  object space 174592K, 33% used [0x00000007c0000000,0x00000007c3983778,0x00000007caa80000)
 PSPermGen       total 100352K, used 55020K [0x00000007b0000000, 0x00000007b6200000, 0x00000007c0000000)
  object space 100352K, 54% used [0x00000007b0000000,0x00000007b35bb000,0x00000007b6200000)
Event: 819.862 GC heap after
Heap after GC invocations=18 (full 3):
 PSYoungGen      total 249856K, used 17611K [0x00000007eaa80000, 0x00000007fc700000, 0x0000000800000000)
  eden space 231936K, 0% used [0x00000007eaa80000,0x00000007eaa80000,0x00000007f8d00000)
  from space 17920K, 98% used [0x00000007f9600000,0x00000007fa732d88,0x00000007fa780000)
  to   space 29696K, 0% used [0x00000007faa00000,0x00000007faa00000,0x00000007fc700000)
 ParOldGen       total 174592K, used 71197K [0x00000007c0000000, 0x00000007caa80000, 0x00000007eaa80000)
  object space 174592K, 40% used [0x00000007c0000000,0x00000007c45874d8,0x00000007caa80000)
 PSPermGen       total 100352K, used 55020K [0x00000007b0000000, 0x00000007b6200000, 0x00000007c0000000)
  object space 100352K, 54% used [0x00000007b0000000,0x00000007b35bb000,0x00000007b6200000)
}
Event: 826.292 GC heap before
{Heap before GC invocations=19 (full 3):
 PSYoungGen      total 249856K, used 249547K [0x00000007eaa80000, 0x00000007fc700000, 0x0000000800000000)
  eden space 231936K, 100% used [0x00000007eaa80000,0x00000007f8d00000,0x00000007f8d00000)
  from space 17920K, 98% used [0x00000007f9600000,0x00000007fa732d88,0x00000007fa780000)
  to   space 29696K, 0% used [0x00000007faa00000,0x00000007faa00000,0x00000007fc700000)
 ParOldGen       total 174592K, used 71197K [0x00000007c0000000, 0x00000007caa80000, 0x00000007eaa80000)
  object space 174592K, 40% used [0x00000007c0000000,0x00000007c45874d8,0x00000007caa80000)
 PSPermGen       total 100352K, used 61678K [0x00000007b0000000, 0x00000007b6200000, 0x00000007c0000000)
  object space 100352K, 61% used [0x00000007b0000000,0x00000007b3c3ba88,0x00000007b6200000)
Event: 826.303 GC heap after
Heap after GC invocations=19 (full 3):
 PSYoungGen      total 242176K, used 9852K [0x00000007eaa80000, 0x00000007fbc80000, 0x0000000800000000)
  eden space 223232K, 0% used [0x00000007eaa80000,0x00000007eaa80000,0x00000007f8480000)
  from space 18944K, 52% used [0x00000007faa00000,0x00000007fb39f168,0x00000007fbc80000)
  to   space 28672K, 0% used [0x00000007f8480000,0x00000007f8480000,0x00000007fa080000)
 ParOldGen       total 174592K, used 73125K [0x00000007c0000000, 0x00000007caa80000, 0x00000007eaa80000)
  object space 174592K, 41% used [0x00000007c0000000,0x00000007c47696b8,0x00000007caa80000)
 PSPermGen       total 100352K, used 61678K [0x00000007b0000000, 0x00000007b6200000, 0x00000007c0000000)
  object space 100352K, 61% used [0x00000007b0000000,0x00000007b3c3ba88,0x00000007b6200000)
}
Event: 7411.114 GC heap before
{Heap before GC invocations=20 (full 3):
 PSYoungGen      total 242176K, used 233084K [0x00000007eaa80000, 0x00000007fbc80000, 0x0000000800000000)
  eden space 223232K, 100% used [0x00000007eaa80000,0x00000007f8480000,0x00000007f8480000)
  from space 18944K, 52% used [0x00000007faa00000,0x00000007fb39f168,0x00000007fbc80000)
  to   space 28672K, 0% used [0x00000007f8480000,0x00000007f8480000,0x00000007fa080000)
 ParOldGen       total 174592K, used 73125K [0x00000007c0000000, 0x00000007caa80000, 0x00000007eaa80000)
  object space 174592K, 41% used [0x00000007c0000000,0x00000007c47696b8,0x00000007caa80000)
 PSPermGen       total 100352K, used 61719K [0x00000007b0000000, 0x00000007b6200000, 0x00000007c0000000)
  object space 100352K, 61% used [0x00000007b0000000,0x00000007b3c45e38,0x00000007b6200000)
Event: 7411.123 GC heap after
Heap after GC invocations=20 (full 3):
 PSYoungGen      total 218112K, used 2832K [0x00000007eaa80000, 0x00000007fb480000, 0x0000000800000000)
  eden space 215040K, 0% used [0x00000007eaa80000,0x00000007eaa80000,0x00000007f7c80000)
  from space 3072K, 92% used [0x00000007f8480000,0x00000007f8744020,0x00000007f8780000)
  to   space 28672K, 0% used [0x00000007f9880000,0x00000007f9880000,0x00000007fb480000)
 ParOldGen       total 174592K, used 75745K [0x00000007c0000000, 0x00000007caa80000, 0x00000007eaa80000)
  object space 174592K, 43% used [0x00000007c0000000,0x00000007c49f84a8,0x00000007caa80000)
 PSPermGen       total 100352K, used 61719K [0x00000007b0000000, 0x00000007b6200000, 0x00000007c0000000)
  object space 100352K, 61% used [0x00000007b0000000,0x00000007b3c45e38,0x00000007b6200000)
}

